<?xml version="1.0" encoding="UTF-8"?>
<!-- Generated by org.testng.reporters.JUnitReportReporter -->
<testsuite skipped="0" hostname="Ankit-PC" name="testJavaFiles.TestRun" tests="1" failures="0" timestamp="14 Sep 2021 05:44:58 GMT" time="77.723" errors="0">
  <testcase name="verifyPageTitle" time="77.723" classname="testJavaFiles.TestRun"/>
</testsuite> <!-- testJavaFiles.TestRun -->
